<?xml version="1.0" encoding="UTF-8"?>
<beans xmlns="http://www.springframework.org/schema/beans"
       xmlns:xsi="http://www.w3.org/2001/XMLSchema-instance"
       xmlns:context="http://www.springframework.org/schema/context"
       xmlns:tx="http://www.springframework.org/schema/tx"
       xmlns:mvc="http://www.springframework.org/schema/mvc"
       xsi:schemaLocation="http://www.springframework.org/schema/beans http://www.springframework.org/schema/beans/spring-beans.xsd
                           http://www.springframework.org/schema/context http://www.springframework.org/schema/context/spring-context.xsd
                           http://www.springframework.org/schema/tx http://www.springframework.org/schema/tx/spring-tx-3.0.xsd
                           http://www.springframework.org/schema/mvc http://www.springframework.org/schema/mvc/spring-mvc-3.0.xsd"
                            default-autowire="byName">
        <context:property-placeholder location="classpath*:datasource.properties"/>
		
	    <bean id="dataSource" class="com.mchange.v2.c3p0.ComboPooledDataSource" destroy-method="close">
	        <property name="driverClass" value="${driverClass}"/>
	        <property name="jdbcUrl" value="${jdbcUrl}"/>
	        <property name="user" value="${user}"/>
	        <property name="password" value="${password}"/>
	    </bean>
	    
		<tx:annotation-driven />
		
		<bean id="transactionManager" class="org.springframework.jdbc.datasource.DataSourceTransactionManager">  
			<property name="dataSource" ref="dataSource" />  
		</bean> 

	    <bean id="sqlSession" class="org.mybatis.spring.SqlSessionFactoryBean">
	        <property name="mapperLocations" value="classpath*:o_o/dao/sqlmap/*-Mapper.xml"/>
	    </bean>
	
	    <bean class="org.mybatis.spring.mapper.MapperScannerConfigurer">
	        <property name="basePackage" value="o_o.dao"/>
	        <property name="sqlSessionFactoryBeanName"  value="sqlSession"/>
	    </bean>
</beans>